0 info it worked if it ends with ok
1 verbose cli [ 'C:\\Program Files\\nodejs\\\\node.exe',
1 verbose cli   'C:\\Program Files\\nodejs\\node_modules\\npm\\bin\\npm-cli.js',
1 verbose cli   'install',
1 verbose cli   'mongodb',
1 verbose cli   '.externalToolBuildersconsole.log(\'data:',
1 verbose cli   '\'',
1 verbose cli   '+',
1 verbose cli   'data' ]
2 info using npm@2.5.1
3 info using node@v0.12.0
4 verbose node symlink C:\Program Files\nodejs\\node.exe
5 warn package.json youdrawit@0.0.1 No repository field.
6 warn package.json compress@0.99.0 No repository field.
7 silly cache add args [ 'mongodb', null ]
8 verbose cache add spec mongodb
9 silly cache add args [ '.externalToolBuildersconsole.log(\'data:', null ]
10 verbose cache add spec .externalToolBuildersconsole.log('data:
11 silly cache add args [ '\'', null ]
12 verbose cache add spec '
13 silly cache add args [ '+', null ]
14 verbose cache add spec +
15 silly cache add args [ 'data', null ]
16 verbose cache add spec data
17 silly cache add parsed spec { raw: 'mongodb',
17 silly cache add   scope: null,
17 silly cache add   name: 'mongodb',
17 silly cache add   rawSpec: '',
17 silly cache add   spec: '*',
17 silly cache add   type: 'range' }
18 verbose addNamed mongodb@*
19 silly addNamed semver.valid null
20 silly addNamed semver.validRange *
21 silly addNameRange { name: 'mongodb', range: '*', hasData: false }
22 silly mapToRegistry name mongodb
23 silly mapToRegistry using default registry
24 silly mapToRegistry registry https://registry.npmjs.org/
25 silly mapToRegistry uri https://registry.npmjs.org/mongodb
26 verbose addNameRange registry:https://registry.npmjs.org/mongodb not in flight; fetching
27 silly cache add parsed spec { raw: '.externalToolBuildersconsole.log(\'data:',
27 silly cache add   scope: null,
27 silly cache add   name: null,
27 silly cache add   rawSpec: '.externalToolBuildersconsole.log(\'data:',
27 silly cache add   spec: 'C:\\workspaces\\2015\\drawing\\.externalToolBuildersconsole.log(\'data:',
27 silly cache add   type: 'local' }
28 silly cache add parsed spec { raw: '\'',
28 silly cache add   scope: null,
28 silly cache add   name: null,
28 silly cache add   rawSpec: '\'',
28 silly cache add   spec: 'C:\\workspaces\\2015\\drawing\\\'',
28 silly cache add   type: 'local' }
29 silly cache add parsed spec { raw: '+',
29 silly cache add   scope: null,
29 silly cache add   name: null,
29 silly cache add   rawSpec: '+',
29 silly cache add   spec: 'C:\\workspaces\\2015\\drawing\\+',
29 silly cache add   type: 'local' }
30 silly cache add parsed spec { raw: 'data',
30 silly cache add   scope: null,
30 silly cache add   name: 'data',
30 silly cache add   rawSpec: '',
30 silly cache add   spec: '*',
30 silly cache add   type: 'range' }
31 verbose addNamed data@*
32 silly addNamed semver.valid null
33 silly addNamed semver.validRange *
34 silly addNameRange { name: 'data', range: '*', hasData: false }
35 silly mapToRegistry name data
36 silly mapToRegistry using default registry
37 silly mapToRegistry registry https://registry.npmjs.org/
38 silly mapToRegistry uri https://registry.npmjs.org/data
39 verbose addNameRange registry:https://registry.npmjs.org/data not in flight; fetching
40 error addLocal Could not install C:\workspaces\2015\drawing\.externalToolBuildersconsole.log('data:
41 error addLocal Could not install C:\workspaces\2015\drawing\'
42 error addLocal Could not install C:\workspaces\2015\drawing\+
43 verbose request uri https://registry.npmjs.org/data
44 verbose request no auth needed
45 info attempt registry request try #1 at 6:37:17 PM
46 verbose request id c55e36f138a5810c
47 verbose etag "5QGSN8SM4C1O3NSGE3TTF5IE2"
48 http request GET https://registry.npmjs.org/data
49 verbose request uri https://registry.npmjs.org/mongodb
50 verbose request no auth needed
51 info attempt registry request try #1 at 6:37:17 PM
52 verbose etag "604TUHLMW6FELWB4G7SDD5P1Z"
53 http request GET https://registry.npmjs.org/mongodb
54 http 304 https://registry.npmjs.org/mongodb
55 silly get cb [ 304,
55 silly get   { date: 'Mon, 23 Feb 2015 02:37:17 GMT',
55 silly get     server: 'Apache',
55 silly get     via: '1.1 varnish',
55 silly get     'last-modified': 'Mon, 23 Feb 2015 02:37:17 GMT',
55 silly get     'cache-control': 'max-age=60',
55 silly get     etag: '"604TUHLMW6FELWB4G7SDD5P1Z"',
55 silly get     age: '3',
55 silly get     'x-served-by': 'cache-lax1425-LAX',
55 silly get     'x-cache': 'HIT',
55 silly get     'x-cache-hits': '1',
55 silly get     'x-timer': 'S1424659037.061676,VS0,VE2',
55 silly get     vary: 'Accept',
55 silly get     'content-length': '0',
55 silly get     'keep-alive': 'timeout=10, max=50',
55 silly get     connection: 'Keep-Alive' } ]
56 verbose etag https://registry.npmjs.org/mongodb from cache
57 verbose get saving mongodb to C:\Users\keny\AppData\Roaming\npm-cache\registry.npmjs.org\mongodb\.cache.json
58 silly addNameRange number 2 { name: 'mongodb', range: '*', hasData: true }
59 silly addNameRange versions [ 'mongodb',
59 silly addNameRange   [ '0.9.4',
59 silly addNameRange     '0.9.4-4',
59 silly addNameRange     '0.9.3',
59 silly addNameRange     '0.9.1',
59 silly addNameRange     '0.9.2',
59 silly addNameRange     '0.9.6-7',
59 silly addNameRange     '0.9.6-8',
59 silly addNameRange     '0.9.6-9',
59 silly addNameRange     '0.9.6-10',
59 silly addNameRange     '0.9.6-11',
59 silly addNameRange     '0.9.6-12',
59 silly addNameRange     '0.9.6-13',
59 silly addNameRange     '0.9.6-14',
59 silly addNameRange     '0.9.6-15',
59 silly addNameRange     '0.9.6-16',
59 silly addNameRange     '0.9.6-17',
59 silly addNameRange     '0.9.6-18',
59 silly addNameRange     '0.9.6-19',
59 silly addNameRange     '0.9.6-20',
59 silly addNameRange     '0.9.6-21',
59 silly addNameRange     '0.9.6-22',
59 silly addNameRange     '0.9.6-23',
59 silly addNameRange     '0.9.7',
59 silly addNameRange     '0.9.7-0',
59 silly addNameRange     '0.9.7-1',
59 silly addNameRange     '0.9.7-1.1',
59 silly addNameRange     '0.9.7-1.2',
59 silly addNameRange     '0.9.7-1.3',
59 silly addNameRange     '0.9.7-1.4',
59 silly addNameRange     '0.9.7-2',
59 silly addNameRange     '0.9.7-2-1',
59 silly addNameRange     '0.9.7-2-2',
59 silly addNameRange     '0.9.7-2-3',
59 silly addNameRange     '0.9.7-2-4',
59 silly addNameRange     '0.9.7-2-5',
59 silly addNameRange     '0.9.7-3',
59 silly addNameRange     '0.9.7-3-1',
59 silly addNameRange     '0.9.7-3-2',
59 silly addNameRange     '0.9.7-3-3',
59 silly addNameRange     '0.9.7-3-4',
59 silly addNameRange     '0.9.7-3-5',
59 silly addNameRange     '0.9.8',
59 silly addNameRange     '0.9.8-1',
59 silly addNameRange     '0.9.8-2',
59 silly addNameRange     '0.9.8-3',
59 silly addNameRange     '0.9.8-4',
59 silly addNameRange     '0.9.8-5',
59 silly addNameRange     '0.9.8-6',
59 silly addNameRange     '0.9.8-7',
59 silly addNameRange     '0.9.9',
59 silly addNameRange     '0.9.9-1',
59 silly addNameRange     '0.9.9-2',
59 silly addNameRange     '0.9.9-3',
59 silly addNameRange     '0.9.9-4',
59 silly addNameRange     '0.9.9-5',
59 silly addNameRange     '0.9.9-6',
59 silly addNameRange     '0.9.9-7',
59 silly addNameRange     '0.9.9-8',
59 silly addNameRange     '1.0.0',
59 silly addNameRange     '1.0.1',
59 silly addNameRange     '1.0.2',
59 silly addNameRange     '1.1.0-beta',
59 silly addNameRange     '1.1.0',
59 silly addNameRange     '1.1.1',
59 silly addNameRange     '1.1.2',
59 silly addNameRange     '1.1.3',
59 silly addNameRange     '1.1.4',
59 silly addNameRange     '1.1.5',
59 silly addNameRange     '1.1.6',
59 silly addNameRange     '1.1.7',
59 silly addNameRange     '1.1.8',
59 silly addNameRange     '1.1.9',
59 silly addNameRange     '1.1.10',
59 silly addNameRange     '1.1.11',
59 silly addNameRange     '1.2.0',
59 silly addNameRange     '1.2.1',
59 silly addNameRange     '1.2.2',
59 silly addNameRange     '1.2.3',
59 silly addNameRange     '1.2.4',
59 silly addNameRange     '1.2.5',
59 silly addNameRange     '1.2.6',
59 silly addNameRange     '1.2.7',
59 silly addNameRange     '1.2.8',
59 silly addNameRange     '1.2.9',
59 silly addNameRange     '1.2.10',
59 silly addNameRange     '1.2.11',
59 silly addNameRange     '1.2.12',
59 silly addNameRange     '1.2.13',
59 silly addNameRange     '1.2.14',
59 silly addNameRange     '1.3.0',
59 silly addNameRange     '1.3.1',
59 silly addNameRange     '1.3.2',
59 silly addNameRange     '1.3.3',
59 silly addNameRange     '1.3.4',
59 silly addNameRange     '1.3.5',
59 silly addNameRange     '1.3.6',
59 silly addNameRange     '1.3.7',
59 silly addNameRange     '1.3.8',
59 silly addNameRange     '1.3.9',
59 silly addNameRange     '1.3.10',
59 silly addNameRange     '1.3.11',
59 silly addNameRange     '1.3.12',
59 silly addNameRange     '1.3.14',
59 silly addNameRange     '1.3.15',
59 silly addNameRange     '1.3.17',
59 silly addNameRange     '1.3.18',
59 silly addNameRange     '1.3.19',
59 silly addNameRange     '1.4.0-rc2',
59 silly addNameRange     '1.3.20',
59 silly addNameRange     '1.4.0-rc3',
59 silly addNameRange     '1.3.21',
59 silly addNameRange     '1.3.22',
59 silly addNameRange     '1.3.23',
59 silly addNameRange     '1.4.0-rc4',
59 silly addNameRange     '1.4.0-rc5',
59 silly addNameRange     '1.4.0-rc6',
59 silly addNameRange     '1.4.0-rc7',
59 silly addNameRange     '1.4.0-rc8',
59 silly addNameRange     '1.4.0-rc9',
59 silly addNameRange     '1.4.0-rc10',
59 silly addNameRange     '1.4.0',
59 silly addNameRange     '1.4.1',
59 silly addNameRange     '1.4.2',
59 silly addNameRange     '1.4.3',
59 silly addNameRange     '1.4.4',
59 silly addNameRange     '1.4.5',
59 silly addNameRange     '1.4.6',
59 silly addNameRange     '1.4.7',
59 silly addNameRange     '1.4.8',
59 silly addNameRange     '1.4.9',
59 silly addNameRange     '1.4.10',
59 silly addNameRange     '2.0.0-alpha1',
59 silly addNameRange     '1.4.11',
59 silly addNameRange     '1.4.12',
59 silly addNameRange     '1.4.14',
59 silly addNameRange     '1.4.15',
59 silly addNameRange     '1.4.16',
59 silly addNameRange     '1.4.17',
59 silly addNameRange     '2.0.0-alpha2',
59 silly addNameRange     '1.4.18',
59 silly addNameRange     '2.0.0',
59 silly addNameRange     '2.0.1',
59 silly addNameRange     '2.0.2',
59 silly addNameRange     '1.4.19',
59 silly addNameRange     '2.0.3',
59 silly addNameRange     '2.0.4',
59 silly addNameRange     '2.0.5',
59 silly addNameRange     '2.0.6',
59 silly addNameRange     '1.4.20',
59 silly addNameRange     '1.4.22',
59 silly addNameRange     '2.0.7',
59 silly addNameRange     '2.0.8',
59 silly addNameRange     '2.0.9',
59 silly addNameRange     '1.4.23',
59 silly addNameRange     '2.0.10',
59 silly addNameRange     '1.4.24',
59 silly addNameRange     '2.0.11',
59 silly addNameRange     '1.4.25',
59 silly addNameRange     '2.0.12',
59 silly addNameRange     '1.4.26',
59 silly addNameRange     '1.4.27',
59 silly addNameRange     '1.4.28',
59 silly addNameRange     '2.0.13',
59 silly addNameRange     '2.0.14',
59 silly addNameRange     '1.4.29',
59 silly addNameRange     '2.0.15',
59 silly addNameRange     '1.4.30',
59 silly addNameRange     '2.0.16',
59 silly addNameRange     '1.4.31' ] ]
60 verbose addNamed mongodb@1.4.31
61 silly addNamed semver.valid 1.4.31
62 silly addNamed semver.validRange 1.4.31
63 silly cache afterAdd mongodb@1.4.31
64 verbose afterAdd C:\Users\keny\AppData\Roaming\npm-cache\mongodb\1.4.31\package\package.json not in flight; writing
65 verbose afterAdd C:\Users\keny\AppData\Roaming\npm-cache\mongodb\1.4.31\package\package.json written
66 http 304 https://registry.npmjs.org/data
67 silly get cb [ 304,
67 silly get   { date: 'Mon, 23 Feb 2015 02:37:17 GMT',
67 silly get     server: 'Apache',
67 silly get     via: '1.1 varnish',
67 silly get     'last-modified': 'Mon, 23 Feb 2015 02:37:17 GMT',
67 silly get     'cache-control': 'max-age=60',
67 silly get     etag: '"5QGSN8SM4C1O3NSGE3TTF5IE2"',
67 silly get     age: '0',
67 silly get     'x-served-by': 'cache-lax1432-LAX',
67 silly get     'x-cache': 'MISS',
67 silly get     'x-cache-hits': '0',
67 silly get     'x-timer': 'S1424659037.065434,VS0,VE378',
67 silly get     vary: 'Accept',
67 silly get     'content-length': '0',
67 silly get     'keep-alive': 'timeout=10, max=50',
67 silly get     connection: 'Keep-Alive' } ]
68 verbose etag https://registry.npmjs.org/data from cache
69 verbose get saving data to C:\Users\keny\AppData\Roaming\npm-cache\registry.npmjs.org\data\.cache.json
70 silly addNameRange number 2 { name: 'data', range: '*', hasData: true }
71 silly addNameRange versions [ 'data',
71 silly addNameRange   [ '0.1.0',
71 silly addNameRange     '0.2.0',
71 silly addNameRange     '0.2.1',
71 silly addNameRange     '0.2.2',
71 silly addNameRange     '0.3.0',
71 silly addNameRange     '0.4.0',
71 silly addNameRange     '0.4.1',
71 silly addNameRange     '0.6.0',
71 silly addNameRange     '0.6.1' ] ]
72 verbose addNamed data@0.6.1
73 silly addNamed semver.valid 0.6.1
74 silly addNamed semver.validRange 0.6.1
75 silly mapToRegistry name data
76 silly mapToRegistry using default registry
77 silly mapToRegistry registry https://registry.npmjs.org/
78 silly mapToRegistry uri https://registry.npmjs.org/data
79 verbose addRemoteTarball https://registry.npmjs.org/data/-/data-0.6.1.tgz not in flight; adding
80 verbose addRemoteTarball [ 'https://registry.npmjs.org/data/-/data-0.6.1.tgz',
80 verbose addRemoteTarball   'f363b07224f48e7cfd71d3df46c4b11f6f8e5f75' ]
81 info retry fetch attempt 1 at 6:37:17 PM
82 info attempt registry request try #1 at 6:37:17 PM
83 http fetch GET https://registry.npmjs.org/data/-/data-0.6.1.tgz
84 http fetch 200 https://registry.npmjs.org/data/-/data-0.6.1.tgz
85 silly fetchAndShaCheck shasum f363b07224f48e7cfd71d3df46c4b11f6f8e5f75
86 verbose addTmpTarball C:\Users\keny\AppData\Local\Temp\npm-6100-6a54a244\registry.npmjs.org\data\-\data-0.6.1.tgz not in flight; adding
87 verbose addTmpTarball already have metadata; skipping unpack for data@0.6.1
88 silly cache afterAdd data@0.6.1
89 verbose afterAdd C:\Users\keny\AppData\Roaming\npm-cache\data\0.6.1\package\package.json not in flight; writing
90 verbose afterAdd C:\Users\keny\AppData\Roaming\npm-cache\data\0.6.1\package\package.json written
91 verbose stack Error: ENOENT, open 'C:\workspaces\2015\drawing\.externalToolBuildersconsole.log('data:'
91 verbose stack     at Error (native)
92 verbose cwd C:\workspaces\2015\drawing
93 error Windows_NT 6.1.7601
94 error argv "C:\\Program Files\\nodejs\\\\node.exe" "C:\\Program Files\\nodejs\\node_modules\\npm\\bin\\npm-cli.js" "install" "mongodb" ".externalToolBuildersconsole.log('data:" "'" "+" "data"
95 error node v0.12.0
96 error npm  v2.5.1
97 error path C:\workspaces\2015\drawing\.externalToolBuildersconsole.log('data:
98 error code ENOENT
99 error errno -4058
100 error enoent ENOENT, open 'C:\workspaces\2015\drawing\.externalToolBuildersconsole.log('data:'
100 error enoent This is most likely not a problem with npm itself
100 error enoent and is related to npm not being able to find a file.
101 verbose exit [ -4058, true ]
